-------------------------------------------------------------------------------
Test set: com.nyxgroup.wetsuit_hubweb.WetsuitHubWebApplicationTests
-------------------------------------------------------------------------------
Tests run: 1, Failures: 0, Errors: 1, Skipped: 0, Time elapsed: 6.07 s <<< FAILURE! - in com.nyxgroup.wetsuit_hubweb.WetsuitHubWebApplicationTests
contextLoads  Time elapsed: 0.006 s  <<< ERROR!
java.lang.IllegalStateException: Failed to load ApplicationContext
Caused by: org.springframework.beans.factory.BeanCreationException: Error creating bean with name 'conversionServicePostProcessor' defined in class path resource [org/springframework/security/config/annotation/web/configuration/WebSecurityConfiguration.class]: Bean instantiation via factory method failed; nested exception is org.springframework.beans.BeanInstantiationException: Failed to instantiate [org.springframework.beans.factory.config.BeanFactoryPostProcessor]: Factory method 'conversionServicePostProcessor' threw exception; nested exception is java.lang.NoSuchMethodError: 'org.springframework.core.convert.converter.Converter org.springframework.core.convert.converter.Converter.andThen(org.springframework.core.convert.converter.Converter)'
Caused by: org.springframework.beans.BeanInstantiationException: Failed to instantiate [org.springframework.beans.factory.config.BeanFactoryPostProcessor]: Factory method 'conversionServicePostProcessor' threw exception; nested exception is java.lang.NoSuchMethodError: 'org.springframework.core.convert.converter.Converter org.springframework.core.convert.converter.Converter.andThen(org.springframework.core.convert.converter.Converter)'
Caused by: java.lang.NoSuchMethodError: 'org.springframework.core.convert.converter.Converter org.springframework.core.convert.converter.Converter.andThen(org.springframework.core.convert.converter.Converter)'

