-------------------------------------------------------------------------------
Test set: com.nyxgroup.wetsuit_hubweb.WetsuitHubWebApplicationTests
-------------------------------------------------------------------------------
Tests run: 1, Failures: 0, Errors: 1, Skipped: 0, Time elapsed: 18.669 s <<< FAILURE! - in com.nyxgroup.wetsuit_hubweb.WetsuitHubWebApplicationTests
contextLoads  Time elapsed: 0.027 s  <<< ERROR!
java.lang.IllegalStateException: Failed to load ApplicationContext
Caused by: org.springframework.context.ApplicationContextException: Failed to start bean 'documentationPluginsBootstrapper'; nested exception is java.lang.NullPointerException
Caused by: java.lang.NullPointerException

